# JRE version: OpenJDK Runtime Environment (8.0_242-b01) (build 1.8.0_242-release-1644-b01)
# Java VM: OpenJDK 64-Bit Server VM (25.242-b01 mixed mode windows-amd64 compressed oops)
Heap:
 PSYoungGen      total 197120K, used 154163K [0x00000000e0000000, 0x00000000ee780000, 0x0000000100000000)
  eden space 167424K, 74% used [0x00000000e0000000,0x00000000e798f6e0,0x00000000ea380000)
  from space 29696K, 99% used [0x00000000ec580000,0x00000000ee27d520,0x00000000ee280000)
  to   space 34816K, 0% used [0x00000000ea380000,0x00000000ea380000,0x00000000ec580000)
 ParOldGen       total 148480K, used 51343K [0x00000000a0000000, 0x00000000a9100000, 0x00000000e0000000)
  object space 148480K, 34% used [0x00000000a0000000,0x00000000a3223f28,0x00000000a9100000)
 Metaspace       used 84118K, capacity 87514K, committed 87808K, reserved 1126400K
  class space    used 10976K, capacity 11686K, committed 11776K, reserved 1048576K
GC Heap History (10 events):
Event: 12.202 GC heap before
{Heap before GC invocations=15 (full 3):
 PSYoungGen      total 171520K, used 18924K [0x00000000e0000000, 0x00000000ed500000, 0x0000000100000000)
  eden space 152576K, 0% used [0x00000000e0000000,0x00000000e0000000,0x00000000e9500000)
  from space 18944K, 99% used [0x00000000eab80000,0x00000000ebdfb310,0x00000000ebe00000)
  to   space 23040K, 0% used [0x00000000e9500000,0x00000000e9500000,0x00000000eab80000)
 ParOldGen       total 93696K, used 30197K [0x00000000a0000000, 0x00000000a5b80000, 0x00000000e0000000)
  object space 93696K, 32% used [0x00000000a0000000,0x00000000a1d7d450,0x00000000a5b80000)
 Metaspace       used 57235K, capacity 59130K, committed 59160K, reserved 1099776K
  class space    used 7720K, capacity 8165K, committed 8192K, reserved 1048576K
Event: 12.446 GC heap after
Heap after GC invocations=15 (full 3):
 PSYoungGen      total 171520K, used 0K [0x00000000e0000000, 0x00000000ed500000, 0x0000000100000000)
  eden space 152576K, 0% used [0x00000000e0000000,0x00000000e0000000,0x00000000e9500000)
  from space 18944K, 0% used [0x00000000eab80000,0x00000000eab80000,0x00000000ebe00000)
  to   space 23040K, 0% used [0x00000000e9500000,0x00000000e9500000,0x00000000eab80000)
 ParOldGen       total 148480K, used 38795K [0x00000000a0000000, 0x00000000a9100000, 0x00000000e0000000)
  object space 148480K, 26% used [0x00000000a0000000,0x00000000a25e2f38,0x00000000a9100000)
 Metaspace       used 57226K, capacity 59100K, committed 59160K, reserved 1099776K
  class space    used 7717K, capacity 8160K, committed 8192K, reserved 1048576K
}
Event: 15.286 GC heap before
{Heap before GC invocations=16 (full 3):
 PSYoungGen      total 171520K, used 152576K [0x00000000e0000000, 0x00000000ed500000, 0x0000000100000000)
  eden space 152576K, 100% used [0x00000000e0000000,0x00000000e9500000,0x00000000e9500000)
  from space 18944K, 0% used [0x00000000eab80000,0x00000000eab80000,0x00000000ebe00000)
  to   space 23040K, 0% used [0x00000000e9500000,0x00000000e9500000,0x00000000eab80000)
 ParOldGen       total 148480K, used 38795K [0x00000000a0000000, 0x00000000a9100000, 0x00000000e0000000)
  object space 148480K, 26% used [0x00000000a0000000,0x00000000a25e2f38,0x00000000a9100000)
 Metaspace       used 65107K, capacity 67308K, committed 67584K, reserved 1107968K
  class space    used 8859K, capacity 9367K, committed 9472K, reserved 1048576K
Event: 15.298 GC heap after
Heap after GC invocations=16 (full 3):
 PSYoungGen      total 175616K, used 13891K [0x00000000e0000000, 0x00000000ede80000, 0x0000000100000000)
  eden space 152576K, 0% used [0x00000000e0000000,0x00000000e0000000,0x00000000e9500000)
  from space 23040K, 60% used [0x00000000e9500000,0x00000000ea290db8,0x00000000eab80000)
  to   space 23040K, 0% used [0x00000000ec800000,0x00000000ec800000,0x00000000ede80000)
 ParOldGen       total 148480K, used 38803K [0x00000000a0000000, 0x00000000a9100000, 0x00000000e0000000)
  object space 148480K, 26% used [0x00000000a0000000,0x00000000a25e4f38,0x00000000a9100000)
 Metaspace       used 65107K, capacity 67308K, committed 67584K, reserved 1107968K
  class space    used 8859K, capacity 9367K, committed 9472K, reserved 1048576K
}
Event: 17.556 GC heap before
{Heap before GC invocations=17 (full 3):
 PSYoungGen      total 175616K, used 166467K [0x00000000e0000000, 0x00000000ede80000, 0x0000000100000000)
  eden space 152576K, 100% used [0x00000000e0000000,0x00000000e9500000,0x00000000e9500000)
  from space 23040K, 60% used [0x00000000e9500000,0x00000000ea290db8,0x00000000eab80000)
  to   space 23040K, 0% used [0x00000000ec800000,0x00000000ec800000,0x00000000ede80000)
 ParOldGen       total 148480K, used 38803K [0x00000000a0000000, 0x00000000a9100000, 0x00000000e0000000)
  object space 148480K, 26% used [0x00000000a0000000,0x00000000a25e4f38,0x00000000a9100000)
 Metaspace       used 71127K, capacity 73750K, committed 73856K, reserved 1112064K
  class space    used 9723K, capacity 10286K, committed 10368K, reserved 1048576K
Event: 17.578 GC heap after
Heap after GC invocations=17 (full 3):
 PSYoungGen      total 201216K, used 23020K [0x00000000e0000000, 0x00000000ee480000, 0x0000000100000000)
  eden space 178176K, 0% used [0x00000000e0000000,0x00000000e0000000,0x00000000eae00000)
  from space 23040K, 99% used [0x00000000ec800000,0x00000000ede7b258,0x00000000ede80000)
  to   space 26624K, 0% used [0x00000000eae00000,0x00000000eae00000,0x00000000ec800000)
 ParOldGen       total 148480K, used 39891K [0x00000000a0000000, 0x00000000a9100000, 0x00000000e0000000)
  object space 148480K, 26% used [0x00000000a0000000,0x00000000a26f4e40,0x00000000a9100000)
 Metaspace       used 71127K, capacity 73750K, committed 73856K, reserved 1112064K
  class space    used 9723K, capacity 10286K, committed 10368K, reserved 1048576K
}
Event: 1853.372 GC heap before
{Heap before GC invocations=18 (full 3):
 PSYoungGen      total 201216K, used 201196K [0x00000000e0000000, 0x00000000ee480000, 0x0000000100000000)
  eden space 178176K, 100% used [0x00000000e0000000,0x00000000eae00000,0x00000000eae00000)
  from space 23040K, 99% used [0x00000000ec800000,0x00000000ede7b258,0x00000000ede80000)
  to   space 26624K, 0% used [0x00000000eae00000,0x00000000eae00000,0x00000000ec800000)
 ParOldGen       total 148480K, used 39891K [0x00000000a0000000, 0x00000000a9100000, 0x00000000e0000000)
  object space 148480K, 26% used [0x00000000a0000000,0x00000000a26f4e40,0x00000000a9100000)
 Metaspace       used 77877K, capacity 80960K, committed 81152K, reserved 1120256K
  class space    used 10251K, capacity 10927K, committed 11008K, reserved 1048576K
Event: 1853.403 GC heap after
Heap after GC invocations=18 (full 3):
 PSYoungGen      total 196608K, used 23561K [0x00000000e0000000, 0x00000000ee280000, 0x0000000100000000)
  eden space 172544K, 0% used [0x00000000e0000000,0x00000000e0000000,0x00000000ea880000)
  from space 24064K, 97% used [0x00000000eae00000,0x00000000ec5025a8,0x00000000ec580000)
  to   space 29696K, 0% used [0x00000000ec580000,0x00000000ec580000,0x00000000ee280000)
 ParOldGen       total 148480K, used 48924K [0x00000000a0000000, 0x00000000a9100000, 0x00000000e0000000)
  object space 148480K, 32% used [0x00000000a0000000,0x00000000a2fc73d8,0x00000000a9100000)
 Metaspace       used 77877K, capacity 80960K, committed 81152K, reserved 1120256K
  class space    used 10251K, capacity 10927K, committed 11008K, reserved 1048576K
}
Event: 2712.055 GC heap before
{Heap before GC invocations=19 (full 3):
 PSYoungGen      total 196608K, used 196105K [0x00000000e0000000, 0x00000000ee280000, 0x0000000100000000)
  eden space 172544K, 100% used [0x00000000e0000000,0x00000000ea880000,0x00000000ea880000)
  from space 24064K, 97% used [0x00000000eae00000,0x00000000ec5025a8,0x00000000ec580000)
  to   space 29696K, 0% used [0x00000000ec580000,0x00000000ec580000,0x00000000ee280000)
 ParOldGen       total 148480K, used 48924K [0x00000000a0000000, 0x00000000a9100000, 0x00000000e0000000)
  object space 148480K, 32% used [0x00000000a0000000,0x00000000a2fc73d8,0x00000000a9100000)
 Metaspace       used 80678K, capacity 83854K, committed 83968K, reserved 1122304K
  class space    used 10591K, capacity 11250K, committed 11264K, reserved 1048576K
Event: 2712.137 GC heap after
Heap after GC invocations=19 (full 3):
 PSYoungGen      total 197120K, used 29685K [0x00000000e0000000, 0x00000000ee780000, 0x0000000100000000)
  eden space 167424K, 0% used [0x00000000e0000000,0x00000000e0000000,0x00000000ea380000)
  from space 29696K, 99% used [0x00000000ec580000,0x00000000ee27d520,0x00000000ee280000)
  to   space 34816K, 0% used [0x00000000ea380000,0x00000000ea380000,0x00000000ec580000)
 ParOldGen       total 148480K, used 51343K [0x00000000a0000000, 0x00000000a9100000, 0x00000000e0000000)
  object space 148480K, 34% used [0x00000000a0000000,0x00000000a3223f28,0x00000000a9100000)
 Metaspace       used 80678K, capacity 83854K, committed 83968K, reserved 1122304K
  class space    used 10591K, capacity 11250K, committed 11264K, reserved 1048576K
}

